  MOC dsoundknete.h
  MOC ../drumstick/midiinput.h
  MOC ../drumstick/midioutput.h
  MOC ../opencv/videoengine.h
  MOC ../opencv/videowidget.h
  UIC dsoundknete.ui
  calibration.cpp
d:\github\avprg_diy3dsoundkulisse\backend\3dsoundknete\opencv\cvmattoqimage.h(36): warning C4267: "Argument": Konvertierung von "size_t" nach "int", Datenverlust möglich
d:\github\avprg_diy3dsoundkulisse\backend\3dsoundknete\opencv\cvmattoqimage.h(44): warning C4267: "Argument": Konvertierung von "size_t" nach "int", Datenverlust möglich
d:\github\avprg_diy3dsoundkulisse\backend\3dsoundknete\opencv\cvmattoqimage.h(61): warning C4267: "Argument": Konvertierung von "size_t" nach "int", Datenverlust möglich
  colorprocessor.cpp
d:\github\avprg_diy3dsoundkulisse\backend\3dsoundknete\opencv\cvmattoqimage.h(36): warning C4267: "Argument": Konvertierung von "size_t" nach "int", Datenverlust möglich
d:\github\avprg_diy3dsoundkulisse\backend\3dsoundknete\opencv\cvmattoqimage.h(44): warning C4267: "Argument": Konvertierung von "size_t" nach "int", Datenverlust möglich
d:\github\avprg_diy3dsoundkulisse\backend\3dsoundknete\opencv\cvmattoqimage.h(61): warning C4267: "Argument": Konvertierung von "size_t" nach "int", Datenverlust möglich
colorprocessor.cpp(13): warning C4100: "format": Unreferenzierter formaler Parameter
colorprocessor.cpp(39): warning C4100: "satToCeck": Unreferenzierter formaler Parameter
  dsoundknete.cpp
d:\github\avprg_diy3dsoundkulisse\backend\3dsoundknete\opencv\cvmattoqimage.h(36): warning C4267: "Argument": Konvertierung von "size_t" nach "int", Datenverlust möglich
d:\github\avprg_diy3dsoundkulisse\backend\3dsoundknete\opencv\cvmattoqimage.h(44): warning C4267: "Argument": Konvertierung von "size_t" nach "int", Datenverlust möglich
d:\github\avprg_diy3dsoundkulisse\backend\3dsoundknete\opencv\cvmattoqimage.h(61): warning C4267: "Argument": Konvertierung von "size_t" nach "int", Datenverlust möglich
dsoundknete.cpp(138): warning C4100: "arg1": Unreferenzierter formaler Parameter
  main.cpp
d:\github\avprg_diy3dsoundkulisse\backend\3dsoundknete\opencv\cvmattoqimage.h(36): warning C4267: "Argument": Konvertierung von "size_t" nach "int", Datenverlust möglich
d:\github\avprg_diy3dsoundkulisse\backend\3dsoundknete\opencv\cvmattoqimage.h(44): warning C4267: "Argument": Konvertierung von "size_t" nach "int", Datenverlust möglich
d:\github\avprg_diy3dsoundkulisse\backend\3dsoundknete\opencv\cvmattoqimage.h(61): warning C4267: "Argument": Konvertierung von "size_t" nach "int", Datenverlust möglich
  shapeRecognition.cpp
d:\github\avprg_diy3dsoundkulisse\backend\3dsoundknete\opencv\cvmattoqimage.h(36): warning C4267: "Argument": Konvertierung von "size_t" nach "int", Datenverlust möglich
d:\github\avprg_diy3dsoundkulisse\backend\3dsoundknete\opencv\cvmattoqimage.h(44): warning C4267: "Argument": Konvertierung von "size_t" nach "int", Datenverlust möglich
d:\github\avprg_diy3dsoundkulisse\backend\3dsoundknete\opencv\cvmattoqimage.h(61): warning C4267: "Argument": Konvertierung von "size_t" nach "int", Datenverlust möglich
shapeRecognition.cpp(14): warning C4100: "format": Unreferenzierter formaler Parameter
  videoengine.cpp
d:\github\avprg_diy3dsoundkulisse\backend\3dsoundknete\opencv\cvmattoqimage.h(36): warning C4267: "Argument": Konvertierung von "size_t" nach "int", Datenverlust möglich
d:\github\avprg_diy3dsoundkulisse\backend\3dsoundknete\opencv\cvmattoqimage.h(44): warning C4267: "Argument": Konvertierung von "size_t" nach "int", Datenverlust möglich
d:\github\avprg_diy3dsoundkulisse\backend\3dsoundknete\opencv\cvmattoqimage.h(61): warning C4267: "Argument": Konvertierung von "size_t" nach "int", Datenverlust möglich
  videoformat.cpp
..\opencv\videoformat.cpp(14): warning C4244: "=": Konvertierung von "double" in "int", möglicher Datenverlust
..\opencv\videoformat.cpp(15): warning C4244: "=": Konvertierung von "double" in "int", möglicher Datenverlust
..\opencv\videoformat.cpp(16): warning C4244: "=": Konvertierung von "double" in "int", möglicher Datenverlust
..\opencv\videoformat.cpp(17): warning C4244: "=": Konvertierung von "double" in "int", möglicher Datenverlust
  videowidget.cpp
  winmidiinput.cpp
  winmidioutput.cpp
  moc_dsoundknete.cpp
d:\github\avprg_diy3dsoundkulisse\backend\3dsoundknete\opencv\cvmattoqimage.h(36): warning C4267: "Argument": Konvertierung von "size_t" nach "int", Datenverlust möglich
d:\github\avprg_diy3dsoundkulisse\backend\3dsoundknete\opencv\cvmattoqimage.h(44): warning C4267: "Argument": Konvertierung von "size_t" nach "int", Datenverlust möglich
d:\github\avprg_diy3dsoundkulisse\backend\3dsoundknete\opencv\cvmattoqimage.h(61): warning C4267: "Argument": Konvertierung von "size_t" nach "int", Datenverlust möglich
  moc_midiinput.cpp
  moc_midioutput.cpp
  moc_videoengine.cpp
d:\github\avprg_diy3dsoundkulisse\backend\3dsoundknete\opencv\cvmattoqimage.h(36): warning C4267: "Argument": Konvertierung von "size_t" nach "int", Datenverlust möglich
d:\github\avprg_diy3dsoundkulisse\backend\3dsoundknete\opencv\cvmattoqimage.h(44): warning C4267: "Argument": Konvertierung von "size_t" nach "int", Datenverlust möglich
d:\github\avprg_diy3dsoundkulisse\backend\3dsoundknete\opencv\cvmattoqimage.h(61): warning C4267: "Argument": Konvertierung von "size_t" nach "int", Datenverlust möglich
  moc_videowidget.cpp
  Code wird generiert...
d:\github\avprg_diy3dsoundkulisse\backend\3dsoundknete\3dsoundknete\colorprocessor.cpp(49): warning C4715: "ColorProcessor::checkForColor": Nicht alle Steuerelementpfade geben einen Wert zurück.
  3DSoundKnete.vcxproj -> D:\github\AVPrg_DIY3DSoundkulisse\Backend\3DSoundKnete\3DSoundKnete\debug\3DSoundKnete.exe
